<?xml version="1.0" encoding="UTF-8"?>
<testng-results ignored="0" total="1" passed="1" failed="0" skipped="0">
  <reporter-output>
  </reporter-output>
  <suite started-at="2023-12-13T15:24:26Z" name="Suite" finished-at="2023-12-13T15:25:56Z" duration-ms="90026">
    <groups>
    </groups>
    <test started-at="2023-12-13T15:24:26Z" name="Test" finished-at="2023-12-13T15:25:56Z" duration-ms="90026">
      <class name="testcases.TC007_RoundTrip">
        <test-method is-config="true" signature="setup()[pri:0, instance:testcases.TC007_RoundTrip@15043a2f]" started-at="2023-12-13T20:54:26Z" name="setup" finished-at="2023-12-13T20:54:26Z" duration-ms="21" status="PASS">
          <reporter-output>
          </reporter-output>
        </test-method> <!-- setup -->
        <test-method is-config="true" signature="browserLaunch(java.lang.String, java.lang.String)[pri:0, instance:testcases.TC007_RoundTrip@15043a2f]" started-at="2023-12-13T20:54:28Z" name="browserLaunch" finished-at="2023-12-13T20:55:05Z" duration-ms="36394" status="PASS">
          <params>
            <param index="0">
              <value>
                <![CDATA[chrome]]>
              </value>
            </param>
            <param index="1">
              <value>
                <![CDATA[https://www.spicejet.com/]]>
              </value>
            </param>
          </params>
          <reporter-output>
          </reporter-output>
        </test-method> <!-- browserLaunch -->
        <test-method signature="roundtrip(java.lang.String, java.lang.String, java.lang.String, java.lang.String, java.lang.String, java.lang.String, java.lang.String, java.lang.String, java.lang.String, java.lang.String, java.lang.String, java.lang.String, java.lang.String)[pri:0, instance:testcases.TC007_RoundTrip@15043a2f]" started-at="2023-12-13T20:55:05Z" name="roundtrip" data-provider="NewData" finished-at="2023-12-13T20:55:56Z" duration-ms="51198" status="PASS">
          <params>
            <param index="0">
              <value>
                <![CDATA[Delhi]]>
              </value>
            </param>
            <param index="1">
              <value>
                <![CDATA[Chennai]]>
              </value>
            </param>
            <param index="2">
              <value>
                <![CDATA[Jasina]]>
              </value>
            </param>
            <param index="3">
              <value>
                <![CDATA[Hashim ]]>
              </value>
            </param>
            <param index="4">
              <value>
                <![CDATA[9487005279]]>
              </value>
            </param>
            <param index="5">
              <value>
                <![CDATA[jasiriz308@gmail.com]]>
              </value>
            </param>
            <param index="6">
              <value>
                <![CDATA[Chennai]]>
              </value>
            </param>
            <param index="7">
              <value>
                <![CDATA[4012888888881880]]>
              </value>
            </param>
            <param index="8">
              <value>
                <![CDATA[Jasina Hashim]]>
              </value>
            </param>
            <param index="9">
              <value>
                <![CDATA[05]]>
              </value>
            </param>
            <param index="10">
              <value>
                <![CDATA[27]]>
              </value>
            </param>
            <param index="11">
              <value>
                <![CDATA[198]]>
              </value>
            </param>
            <param index="12">
              <value>
                <![CDATA[Invalid Card Details]]>
              </value>
            </param>
          </params>
          <reporter-output>
          </reporter-output>
        </test-method> <!-- roundtrip -->
        <test-method is-config="true" signature="closeBrowser()[pri:0, instance:testcases.TC007_RoundTrip@15043a2f]" started-at="2023-12-13T20:55:56Z" name="closeBrowser" finished-at="2023-12-13T20:55:56Z" duration-ms="489" status="PASS">
          <reporter-output>
          </reporter-output>
        </test-method> <!-- closeBrowser -->
      </class> <!-- testcases.TC007_RoundTrip -->
    </test> <!-- Test -->
  </suite> <!-- Suite -->
</testng-results>
